2026-01-08 14:00:02,085 - INFO - ============================================================
2026-01-08 14:00:02,085 - INFO - LME Auto Updater Started
2026-01-08 14:00:02,087 - INFO - ============================================================
2026-01-08 14:00:02,088 - INFO - [MODE] Force Headless mode
2026-01-08 14:00:02,090 - INFO - ====== WebDriver manager ======
2026-01-08 14:00:03,167 - INFO - Get LATEST chromedriver version for google-chrome
2026-01-08 14:00:04,081 - INFO - Get LATEST chromedriver version for google-chrome
2026-01-08 14:00:04,894 - INFO - Driver [C:\Users\lenovo\.wdm\drivers\chromedriver\win64\143.0.7499.192\chromedriver-win32/chromedriver.exe] found in cache
2026-01-08 16:00:04,063 - INFO - ============================================================
2026-01-08 16:00:04,063 - INFO - LME Auto Updater Started
2026-01-08 16:00:04,071 - INFO - ============================================================
2026-01-08 16:00:04,071 - INFO - [MODE] Force Headless mode
2026-01-08 16:00:04,071 - INFO - ====== WebDriver manager ======
2026-01-08 16:00:05,515 - INFO - Get LATEST chromedriver version for google-chrome
2026-01-08 16:00:06,423 - INFO - Get LATEST chromedriver version for google-chrome
2026-01-08 16:00:07,260 - INFO - Driver [C:\Users\lenovo\.wdm\drivers\chromedriver\win64\143.0.7499.192\chromedriver-win32/chromedriver.exe] found in cache
2026-01-08 18:00:02,295 - INFO - ============================================================
2026-01-08 18:00:02,296 - INFO - LME Auto Updater Started
2026-01-08 18:00:02,301 - INFO - ============================================================
2026-01-08 18:00:02,303 - INFO - [MODE] Force Headless mode
2026-01-08 18:00:02,303 - INFO - ====== WebDriver manager ======
2026-01-08 18:00:03,398 - INFO - Get LATEST chromedriver version for google-chrome
2026-01-08 18:00:04,336 - INFO - Get LATEST chromedriver version for google-chrome
2026-01-08 20:00:04,057 - INFO - ============================================================
2026-01-08 20:00:04,061 - INFO - LME Auto Updater Started
2026-01-08 20:00:04,062 - INFO - ============================================================
2026-01-08 20:00:04,062 - INFO - [MODE] Force Headless mode
2026-01-08 20:00:04,064 - INFO - ====== WebDriver manager ======
2026-01-09 10:00:02,990 - INFO - ============================================================
2026-01-09 10:00:02,990 - INFO - LME Auto Updater Started
2026-01-09 10:00:02,990 - INFO - ============================================================
2026-01-09 10:00:02,990 - INFO - [MODE] Force Headless mode
2026-01-09 10:00:02,990 - INFO - ====== WebDriver manager ======
2026-01-09 10:00:03,890 - INFO - Get LATEST chromedriver version for google-chrome
2026-01-09 10:00:04,361 - INFO - Get LATEST chromedriver version for google-chrome
2026-01-09 10:00:04,773 - INFO - Get LATEST chromedriver version for google-chrome
2026-01-09 10:00:05,781 - INFO - WebDriver version 143.0.7499.192 selected
2026-01-09 10:00:05,784 - INFO - Modern chrome version https://storage.googleapis.com/chrome-for-testing-public/143.0.7499.192/win32/chromedriver-win32.zip
2026-01-09 10:00:05,784 - INFO - About to download new driver from https://storage.googleapis.com/chrome-for-testing-public/143.0.7499.192/win32/chromedriver-win32.zip
2026-01-09 10:00:06,154 - INFO - Driver downloading response is 200
2026-01-09 10:00:08,276 - INFO - Get LATEST chromedriver version for google-chrome
2026-01-09 10:00:08,862 - INFO - Driver has been saved in cache [C:\Users\lenovo\.wdm\drivers\chromedriver\win64\143.0.7499.192]
2026-01-09 12:00:04,252 - INFO - ============================================================
2026-01-09 12:00:04,254 - INFO - LME Auto Updater Started
2026-01-09 12:00:04,254 - INFO - ============================================================
2026-01-09 12:00:04,254 - INFO - [MODE] Force Headless mode
2026-01-09 12:00:04,254 - INFO - ====== WebDriver manager ======
2026-01-09 12:00:05,570 - INFO - Get LATEST chromedriver version for google-chrome
2026-01-09 12:00:06,068 - INFO - Get LATEST chromedriver version for google-chrome
2026-01-09 12:00:06,448 - INFO - Driver [C:\Users\lenovo\.wdm\drivers\chromedriver\win64\143.0.7499.192\chromedriver-win32/chromedriver.exe] found in cache
2026-01-09 12:01:35,234 - WARNING - [WARN] No data retrieved
2026-01-09 14:00:02,972 - INFO - ============================================================
2026-01-09 14:00:02,973 - INFO - LME Auto Updater Started
2026-01-09 14:00:02,975 - INFO - ============================================================
2026-01-09 14:00:02,975 - INFO - [MODE] Force Headless mode
2026-01-09 14:00:02,977 - INFO - ====== WebDriver manager ======
2026-01-09 14:00:05,402 - INFO - Get LATEST chromedriver version for google-chrome
2026-01-09 14:00:05,736 - INFO - Get LATEST chromedriver version for google-chrome
2026-01-09 14:00:06,058 - INFO - Driver [C:\Users\lenovo\.wdm\drivers\chromedriver\win64\143.0.7499.192\chromedriver-win32/chromedriver.exe] found in cache
2026-01-09 14:05:49,410 - INFO - [SUCCESS] Completed with 1428 observations
2026-01-09 16:00:03,019 - INFO - ============================================================
2026-01-09 16:00:03,019 - INFO - LME Auto Updater Started
2026-01-09 16:00:03,022 - INFO - ============================================================
2026-01-09 16:00:03,022 - INFO - [MODE] Force Headless mode
2026-01-09 16:00:03,022 - INFO - ====== WebDriver manager ======
2026-01-09 16:00:04,092 - INFO - Get LATEST chromedriver version for google-chrome
2026-01-09 16:00:04,421 - INFO - Get LATEST chromedriver version for google-chrome
2026-01-09 16:00:04,722 - INFO - Driver [C:\Users\lenovo\.wdm\drivers\chromedriver\win64\143.0.7499.192\chromedriver-win32/chromedriver.exe] found in cache
2026-01-10 13:51:46,918 - INFO - ============================================================
2026-01-10 13:51:46,920 - INFO - LME Auto Updater Started
2026-01-10 13:51:46,920 - INFO - ============================================================
2026-01-10 13:51:46,922 - INFO - [MODE] Force Headless mode
2026-01-10 13:51:46,922 - INFO - ====== WebDriver manager ======
2026-01-10 13:51:49,404 - INFO - Get LATEST chromedriver version for google-chrome
2026-01-10 13:51:49,950 - INFO - Get LATEST chromedriver version for google-chrome
2026-01-10 13:51:50,366 - INFO - Get LATEST chromedriver version for google-chrome
2026-01-10 13:51:51,323 - INFO - WebDriver version 143.0.7499.192 selected
2026-01-10 13:51:51,332 - INFO - Modern chrome version https://storage.googleapis.com/chrome-for-testing-public/143.0.7499.192/win32/chromedriver-win32.zip
2026-01-10 13:51:51,332 - INFO - About to download new driver from https://storage.googleapis.com/chrome-for-testing-public/143.0.7499.192/win32/chromedriver-win32.zip
2026-01-10 13:51:51,753 - INFO - Driver downloading response is 200
2026-01-10 13:51:57,786 - INFO - Get LATEST chromedriver version for google-chrome
2026-01-10 13:51:58,472 - INFO - Driver has been saved in cache [C:\Users\lenovo\.wdm\drivers\chromedriver\win64\143.0.7499.192]
2026-01-10 13:58:13,702 - ERROR - [FAIL] Error: invalid literal for int() with base 10: 'None'
Traceback (most recent call last):
  File "D:\UserFiles\Desktop\commodities\database\LME\lme_auto_update.py", line 939, in main
    result = updater.run()
             ^^^^^^^^^^^^^
  File "D:\UserFiles\Desktop\commodities\database\LME\lme_auto_update.py", line 873, in run
    with DatabaseSession("lme_auto_update.py") as db:
  File "D:\UserFiles\Desktop\commodities\database\db_utils.py", line 232, in __enter__
    self.run_id = start_load_run(self.script_name)
                  ^^^^^^^^^^^^^^^^^^^^^^^^^^^^^^^^
  File "D:\UserFiles\Desktop\commodities\database\db_utils.py", line 80, in start_load_run
    engine = get_engine()
             ^^^^^^^^^^^^
  File "D:\UserFiles\Desktop\commodities\database\db_utils.py", line 61, in get_engine
    get_engine._engine = create_engine(get_db_url())
                         ^^^^^^^^^^^^^^^^^^^^^^^^^^^
  File "<string>", line 2, in create_engine
  File "D:\anaconda3\envs\stat3612\Lib\site-packages\sqlalchemy\util\deprecations.py", line 281, in warned
    return fn(*args, **kwargs)  # type: ignore[no-any-return]
           ^^^^^^^^^^^^^^^^^^^
  File "D:\anaconda3\envs\stat3612\Lib\site-packages\sqlalchemy\engine\create.py", line 564, in create_engine
    u = _url.make_url(url)
        ^^^^^^^^^^^^^^^^^^
  File "D:\anaconda3\envs\stat3612\Lib\site-packages\sqlalchemy\engine\url.py", line 856, in make_url
    return _parse_url(name_or_url)
           ^^^^^^^^^^^^^^^^^^^^^^^
  File "D:\anaconda3\envs\stat3612\Lib\site-packages\sqlalchemy\engine\url.py", line 917, in _parse_url
    components["port"] = int(components["port"])
                         ^^^^^^^^^^^^^^^^^^^^^^^
ValueError: invalid literal for int() with base 10: 'None'
2026-01-10 14:00:04,921 - INFO - ============================================================
2026-01-10 14:00:04,921 - INFO - LME Auto Updater Started
2026-01-10 14:00:04,924 - INFO - ============================================================
2026-01-10 14:00:04,924 - INFO - [MODE] Force Headless mode
2026-01-10 14:00:04,926 - INFO - ====== WebDriver manager ======
2026-01-12 10:00:20,391 - INFO - ============================================================
2026-01-12 10:00:20,391 - INFO - LME Auto Updater Started
2026-01-12 10:00:20,399 - INFO - ============================================================
2026-01-12 10:00:20,401 - INFO - [MODE] Force Headless mode
2026-01-12 10:00:20,404 - INFO - ====== WebDriver manager ======
2026-01-12 10:00:22,413 - INFO - Get LATEST chromedriver version for google-chrome
2026-01-12 10:00:22,878 - INFO - Get LATEST chromedriver version for google-chrome
2026-01-12 10:00:23,202 - INFO - Get LATEST chromedriver version for google-chrome
2026-01-12 10:00:23,589 - INFO - WebDriver version 143.0.7499.192 selected
2026-01-12 10:00:23,603 - INFO - Modern chrome version https://storage.googleapis.com/chrome-for-testing-public/143.0.7499.192/win32/chromedriver-win32.zip
2026-01-12 10:00:23,607 - INFO - About to download new driver from https://storage.googleapis.com/chrome-for-testing-public/143.0.7499.192/win32/chromedriver-win32.zip
2026-01-12 10:00:23,868 - INFO - Driver downloading response is 200
2026-01-12 10:00:24,423 - INFO - Get LATEST chromedriver version for google-chrome
2026-01-12 10:00:24,863 - INFO - Driver has been saved in cache [C:\Users\lenovo\.wdm\drivers\chromedriver\win64\143.0.7499.192]
2026-01-12 10:02:52,562 - ERROR - [FAIL] Error: invalid literal for int() with base 10: 'None'
Traceback (most recent call last):
  File "D:\UserFiles\Desktop\commodities\database\LME\lme_auto_update.py", line 939, in main
    result = updater.run()
             ^^^^^^^^^^^^^
  File "D:\UserFiles\Desktop\commodities\database\LME\lme_auto_update.py", line 873, in run
    with DatabaseSession("lme_auto_update.py") as db:
  File "D:\UserFiles\Desktop\commodities\database\db_utils.py", line 232, in __enter__
    self.run_id = start_load_run(self.script_name)
                  ^^^^^^^^^^^^^^^^^^^^^^^^^^^^^^^^
  File "D:\UserFiles\Desktop\commodities\database\db_utils.py", line 80, in start_load_run
    engine = get_engine()
             ^^^^^^^^^^^^
  File "D:\UserFiles\Desktop\commodities\database\db_utils.py", line 61, in get_engine
    get_engine._engine = create_engine(get_db_url())
                         ^^^^^^^^^^^^^^^^^^^^^^^^^^^
  File "<string>", line 2, in create_engine
  File "D:\anaconda3\envs\stat3612\Lib\site-packages\sqlalchemy\util\deprecations.py", line 281, in warned
    return fn(*args, **kwargs)  # type: ignore[no-any-return]
           ^^^^^^^^^^^^^^^^^^^
  File "D:\anaconda3\envs\stat3612\Lib\site-packages\sqlalchemy\engine\create.py", line 564, in create_engine
    u = _url.make_url(url)
        ^^^^^^^^^^^^^^^^^^
  File "D:\anaconda3\envs\stat3612\Lib\site-packages\sqlalchemy\engine\url.py", line 856, in make_url
    return _parse_url(name_or_url)
           ^^^^^^^^^^^^^^^^^^^^^^^
  File "D:\anaconda3\envs\stat3612\Lib\site-packages\sqlalchemy\engine\url.py", line 917, in _parse_url
    components["port"] = int(components["port"])
                         ^^^^^^^^^^^^^^^^^^^^^^^
ValueError: invalid literal for int() with base 10: 'None'
